<?xml version="1.0" encoding="UTF-8"?>
<!-- Generated by org.testng.reporters.JUnitReportReporter -->
<testsuite hostname="LTIN238289" failures="0" tests="3" name="testclasses.Testcase3" time="7.093" errors="0" timestamp="2024-02-28T15:33:17 IST" skipped="0">
  <testcase classname="testclasses.Testcase3" name="login" time="1.151"/>
  <testcase classname="testclasses.Testcase3" name="signup" time="0.279"/>
  <testcase classname="testclasses.Testcase3" name="loginPageDetails" time="5.663"/>
</testsuite> <!-- testclasses.Testcase3 -->
