<?xml version="1.0" encoding="UTF-8"?>
<!-- Generated by org.testng.reporters.JUnitReportReporter -->
<testsuite hostname="LTIN238289" failures="0" tests="4" name="testclasses.Testcase1" time="13.411" errors="0" timestamp="2024-02-28T15:33:17 IST" skipped="0">
  <testcase classname="testclasses.Testcase1" name="newbikes" time="0.727"/>
  <testcase classname="testclasses.Testcase1" name="upcomingbikes" time="3.622"/>
  <testcase classname="testclasses.Testcase1" name="brand" time="1.604"/>
  <testcase classname="testclasses.Testcase1" name="bikes" time="7.458"/>
</testsuite> <!-- testclasses.Testcase1 -->
