<?xml version="1.0" encoding="UTF-8"?>
<!-- Generated by org.testng.reporters.JUnitReportReporter -->
<testsuite hostname="LTIN238289" failures="0" tests="3" name="testclasses.Testcase2" time="6.511" errors="0" timestamp="2024-02-28T15:33:17 IST" skipped="0">
  <testcase classname="testclasses.Testcase2" name="usedcars" time="0.151"/>
  <testcase classname="testclasses.Testcase2" name="state" time="3.978"/>
  <testcase classname="testclasses.Testcase2" name="popularcars" time="2.382"/>
</testsuite> <!-- testclasses.Testcase2 -->
